<?xml version="1.0" encoding="UTF-8"?>
<!-- Generated by org.testng.reporters.JUnitReportReporter -->
<testsuite hostname="DESKTOP-L9D0U64" failures="0" tests="1" name="Asserts_demo.depend_method" time="0.261" errors="0" timestamp="2025-08-18T15:22:18 IST" skipped="0">
  <testcase classname="Asserts_demo.depend_method" name="title" time="0.261"/>
</testsuite> <!-- Asserts_demo.depend_method -->
