<?xml version="1.0" encoding="UTF-8"?>
<!-- Generated by org.testng.reporters.JUnitReportReporter -->
<testsuite hostname="DESKTOP-L9D0U64" failures="0" tests="4" name="Testng_package.Para_testing" time="23.659" errors="0" timestamp="2025-08-14T12:48:12 IST" skipped="0">
  <testcase classname="Testng_package.Para_testing" name="flipkart" time="6.240"/>
  <testcase classname="Testng_package.Para_testing" name="eBay" time="2.569"/>
  <testcase classname="Testng_package.Para_testing" name="amazon" time="7.943"/>
  <testcase classname="Testng_package.Para_testing" name="zerobank" time="6.907"/>
</testsuite> <!-- Testng_package.Para_testing -->
