<?xml version="1.0" encoding="UTF-8"?>
<!-- Generated by org.testng.reporters.JUnitReportReporter -->
<testsuite hostname="DESKTOP-L9D0U64" failures="0" tests="3" name="Testng_package.Ebay_testng" time="14.673" errors="0" timestamp="2025-08-13T12:23:12 IST" skipped="0">
  <testcase classname="Testng_package.Ebay_testng" name="search" time="4.580"/>
  <testcase classname="Testng_package.Ebay_testng" name="search11" time="2.950"/>
  <testcase classname="Testng_package.Ebay_testng" name="search1" time="7.143"/>
</testsuite> <!-- Testng_package.Ebay_testng -->
