<?xml version="1.0" encoding="UTF-8"?>
<!-- Generated by org.testng.reporters.JUnitReportReporter -->
<testsuite hostname="DESKTOP-L9D0U64" failures="0" tests="1" name="Testng_package.EbayTestCases" time="10.400" errors="0" timestamp="2025-08-16T10:17:16 IST" skipped="0">
  <testcase classname="Testng_package.EbayTestCases" name="testMultipleSearches" time="10.400"/>
</testsuite> <!-- Testng_package.EbayTestCases -->
