<?xml version="1.0" encoding="UTF-8"?>
<!-- Generated by org.testng.reporters.JUnitReportReporter -->
<testsuite hostname="DESKTOP-L9D0U64" failures="0" tests="4" name="Asserts_demo.LoginDataProviderEg" time="0.020" errors="0" timestamp="2025-08-18T12:28:59 IST" skipped="0">
  <testcase classname="Asserts_demo.LoginDataProviderEg" name="loginTest" time="0.011"/>
  <testcase classname="Asserts_demo.LoginDataProviderEg" name="loginTest" time="0.002"/>
  <testcase classname="Asserts_demo.LoginDataProviderEg" name="loginTest" time="0.006"/>
  <testcase classname="Asserts_demo.LoginDataProviderEg" name="loginTest" time="0.001"/>
</testsuite> <!-- Asserts_demo.LoginDataProviderEg -->
