<?xml version="1.0" encoding="UTF-8"?>
<!-- Generated by org.testng.reporters.JUnitReportReporter -->
<testsuite hostname="DESKTOP-L9D0U64" failures="0" tests="4" name="Testng_package.ExcelTest" time="19.157" errors="0" timestamp="2025-08-16T15:38:21 IST" skipped="0">
  <testcase classname="Testng_package.ExcelTest" name="testLogin" time="5.190"/>
  <testcase classname="Testng_package.ExcelTest" name="testLogin" time="4.230"/>
  <testcase classname="Testng_package.ExcelTest" name="testLogin" time="4.385"/>
  <testcase classname="Testng_package.ExcelTest" name="testLogin" time="5.352"/>
</testsuite> <!-- Testng_package.ExcelTest -->
