<?xml version="1.0" encoding="UTF-8"?>
<!-- Generated by org.testng.reporters.JUnitReportReporter -->
<testsuite hostname="DESKTOP-L9D0U64" failures="0" tests="3" name="TestNG_practice_program_topicwise.LoginTest" time="0.012" errors="0" timestamp="2025-08-18T13:11:58 IST" skipped="0">
  <testcase classname="TestNG_practice_program_topicwise.LoginTest" name="loginTest" time="0.011"/>
  <testcase classname="TestNG_practice_program_topicwise.LoginTest" name="loginTest" time="0.001"/>
  <testcase classname="TestNG_practice_program_topicwise.LoginTest" name="loginTest" time="0.000"/>
</testsuite> <!-- TestNG_practice_program_topicwise.LoginTest -->
