<?xml version="1.0" encoding="UTF-8"?>
<!-- Generated by org.testng.reporters.JUnitReportReporter -->
<testsuite hostname="DESKTOP-L9D0U64" failures="0" tests="3" name="TestNG_practice_program_topicwise.DependentTests" time="0.020" errors="0" timestamp="2025-08-18T12:30:02 IST" skipped="0">
  <testcase classname="TestNG_practice_program_topicwise.DependentTests" name="searchProduct" time="0.002"/>
  <testcase classname="TestNG_practice_program_topicwise.DependentTests" name="login" time="0.015"/>
  <testcase classname="TestNG_practice_program_topicwise.DependentTests" name="logout" time="0.003"/>
</testsuite> <!-- TestNG_practice_program_topicwise.DependentTests -->
