<?xml version="1.0" encoding="UTF-8"?>
<!-- Generated by org.testng.reporters.JUnitReportReporter -->
<testsuite hostname="DESKTOP-L9D0U64" failures="0" tests="1" name="Testng_package.TestClass2" time="5.658" errors="0" timestamp="2025-08-14T13:08:03 IST" skipped="0">
  <testcase classname="Testng_package.TestClass2" name="flipkart" time="5.658"/>
</testsuite> <!-- Testng_package.TestClass2 -->
